0 info it worked if it ends with ok
1 verbose cli [ '/usr/local/bin/node',
1 verbose cli   '/usr/local/bin/npm',
1 verbose cli   'install',
1 verbose cli   '--save',
1 verbose cli   'sleep' ]
2 info using npm@3.10.10
3 info using node@v6.10.1
4 silly loadCurrentTree Starting
5 silly install loadCurrentTree
6 silly install readLocalPackageData
7 silly fetchPackageMetaData sleep
8 silly fetchNamedPackageData sleep
9 silly mapToRegistry name sleep
10 silly mapToRegistry using default registry
11 silly mapToRegistry registry https://registry.npmjs.org/
12 silly mapToRegistry data Result {
12 silly mapToRegistry   raw: 'sleep',
12 silly mapToRegistry   scope: null,
12 silly mapToRegistry   escapedName: 'sleep',
12 silly mapToRegistry   name: 'sleep',
12 silly mapToRegistry   rawSpec: '',
12 silly mapToRegistry   spec: 'latest',
12 silly mapToRegistry   type: 'tag' }
13 silly mapToRegistry uri https://registry.npmjs.org/sleep
14 verbose request uri https://registry.npmjs.org/sleep
15 verbose request no auth needed
16 info attempt registry request try #1 at 15:51:52
17 verbose request id a63bd7c697d1778c
18 http request GET https://registry.npmjs.org/sleep
19 http 200 https://registry.npmjs.org/sleep
20 verbose headers { server: 'nginx/1.10.1',
20 verbose headers   'content-type': 'application/json',
20 verbose headers   'last-modified': 'Sat, 21 Oct 2017 12:42:39 GMT',
20 verbose headers   etag: 'W/"59eb40bf-574c"',
20 verbose headers   'content-encoding': 'gzip',
20 verbose headers   'cache-control': 'max-age=300',
20 verbose headers   'content-length': '3099',
20 verbose headers   'accept-ranges': 'bytes',
20 verbose headers   date: 'Sat, 04 Nov 2017 14:51:53 GMT',
20 verbose headers   via: '1.1 varnish',
20 verbose headers   age: '0',
20 verbose headers   connection: 'keep-alive',
20 verbose headers   'x-served-by': 'cache-hhn1543-HHN',
20 verbose headers   'x-cache': 'HIT',
20 verbose headers   'x-cache-hits': '1',
20 verbose headers   'x-timer': 'S1509807114.700331,VS0,VE2',
20 verbose headers   vary: 'Accept-Encoding, Accept' }
21 silly get cb [ 200,
21 silly get   { server: 'nginx/1.10.1',
21 silly get     'content-type': 'application/json',
21 silly get     'last-modified': 'Sat, 21 Oct 2017 12:42:39 GMT',
21 silly get     etag: 'W/"59eb40bf-574c"',
21 silly get     'content-encoding': 'gzip',
21 silly get     'cache-control': 'max-age=300',
21 silly get     'content-length': '3099',
21 silly get     'accept-ranges': 'bytes',
21 silly get     date: 'Sat, 04 Nov 2017 14:51:53 GMT',
21 silly get     via: '1.1 varnish',
21 silly get     age: '0',
21 silly get     connection: 'keep-alive',
21 silly get     'x-served-by': 'cache-hhn1543-HHN',
21 silly get     'x-cache': 'HIT',
21 silly get     'x-cache-hits': '1',
21 silly get     'x-timer': 'S1509807114.700331,VS0,VE2',
21 silly get     vary: 'Accept-Encoding, Accept' } ]
22 verbose get saving sleep to /home/alvaro/.npm/registry.npmjs.org/sleep/.cache.json
23 verbose correctMkdir /home/alvaro/.npm correctMkdir not in flight; initializing
24 silly install normalizeTree
25 silly loadCurrentTree Finishing
26 silly loadIdealTree Starting
27 silly install loadIdealTree
28 silly cloneCurrentTree Starting
29 silly install cloneCurrentTreeToIdealTree
30 silly cloneCurrentTree Finishing
31 silly loadShrinkwrap Starting
32 silly install loadShrinkwrap
33 silly loadShrinkwrap Finishing
34 silly loadAllDepsIntoIdealTree Starting
35 silly install loadAllDepsIntoIdealTree
36 silly resolveWithNewModule sleep@5.1.1 checking installable status
37 silly cache add args [ 'sleep', null ]
38 verbose cache add spec sleep
39 silly cache add parsed spec Result {
39 silly cache add   raw: 'sleep',
39 silly cache add   scope: null,
39 silly cache add   escapedName: 'sleep',
39 silly cache add   name: 'sleep',
39 silly cache add   rawSpec: '',
39 silly cache add   spec: 'latest',
39 silly cache add   type: 'tag' }
40 silly addNamed sleep@latest
41 verbose addNamed "latest" is being treated as a dist-tag for sleep
42 info addNameTag [ 'sleep', 'latest' ]
43 silly mapToRegistry name sleep
44 silly mapToRegistry using default registry
45 silly mapToRegistry registry https://registry.npmjs.org/
46 silly mapToRegistry data Result {
46 silly mapToRegistry   raw: 'sleep',
46 silly mapToRegistry   scope: null,
46 silly mapToRegistry   escapedName: 'sleep',
46 silly mapToRegistry   name: 'sleep',
46 silly mapToRegistry   rawSpec: '',
46 silly mapToRegistry   spec: 'latest',
46 silly mapToRegistry   type: 'tag' }
47 silly mapToRegistry uri https://registry.npmjs.org/sleep
48 verbose addNameTag registry:https://registry.npmjs.org/sleep not in flight; fetching
49 verbose get https://registry.npmjs.org/sleep not expired, no request
50 silly addNameTag next cb for sleep with tag latest
51 silly addNamed sleep@5.1.1
52 verbose addNamed "5.1.1" is a plain semver version for sleep
53 silly mapToRegistry name sleep
54 silly mapToRegistry using default registry
55 silly mapToRegistry registry https://registry.npmjs.org/
56 silly mapToRegistry data Result {
56 silly mapToRegistry   raw: 'sleep',
56 silly mapToRegistry   scope: null,
56 silly mapToRegistry   escapedName: 'sleep',
56 silly mapToRegistry   name: 'sleep',
56 silly mapToRegistry   rawSpec: '',
56 silly mapToRegistry   spec: 'latest',
56 silly mapToRegistry   type: 'tag' }
57 silly mapToRegistry uri https://registry.npmjs.org/sleep
58 verbose addRemoteTarball https://registry.npmjs.org/sleep/-/sleep-5.1.1.tgz not in flight; adding
59 verbose addRemoteTarball [ 'https://registry.npmjs.org/sleep/-/sleep-5.1.1.tgz',
59 verbose addRemoteTarball   '878fa1d44d08eeb0f26fb2018ef8629eb1a3ab94' ]
60 info retry fetch attempt 1 at 15:51:53
61 info attempt registry request try #1 at 15:51:53
62 http fetch GET https://registry.npmjs.org/sleep/-/sleep-5.1.1.tgz
63 http fetch 200 https://registry.npmjs.org/sleep/-/sleep-5.1.1.tgz
64 silly fetchAndShaCheck shasum 878fa1d44d08eeb0f26fb2018ef8629eb1a3ab94
65 verbose addTmpTarball /tmp/npm-237-ee9bef08/registry.npmjs.org/sleep/-/sleep-5.1.1.tgz not in flight; adding
66 verbose addTmpTarball already have metadata; skipping unpack for sleep@5.1.1
67 verbose correctMkdir /home/alvaro/.npm correctMkdir not in flight; initializing
68 silly cache afterAdd sleep@5.1.1
69 verbose afterAdd /home/alvaro/.npm/sleep/5.1.1/package/package.json not in flight; writing
70 verbose correctMkdir /home/alvaro/.npm correctMkdir not in flight; initializing
71 verbose afterAdd /home/alvaro/.npm/sleep/5.1.1/package/package.json written
72 silly fetchNamedPackageData nan
73 silly mapToRegistry name nan
74 silly mapToRegistry using default registry
75 silly mapToRegistry registry https://registry.npmjs.org/
76 silly mapToRegistry data Result {
76 silly mapToRegistry   raw: 'nan',
76 silly mapToRegistry   scope: null,
76 silly mapToRegistry   escapedName: 'nan',
76 silly mapToRegistry   name: 'nan',
76 silly mapToRegistry   rawSpec: '',
76 silly mapToRegistry   spec: 'latest',
76 silly mapToRegistry   type: 'tag' }
77 silly mapToRegistry uri https://registry.npmjs.org/nan
78 verbose request uri https://registry.npmjs.org/nan
79 verbose request no auth needed
80 info attempt registry request try #1 at 15:51:53
81 verbose etag W/"59eeab87-20247"
82 verbose lastModified Tue, 24 Oct 2017 02:55:03 GMT
83 http request GET https://registry.npmjs.org/nan
84 http 304 https://registry.npmjs.org/nan
85 verbose headers { date: 'Sat, 04 Nov 2017 14:51:54 GMT',
85 verbose headers   via: '1.1 varnish',
85 verbose headers   'cache-control': 'max-age=300',
85 verbose headers   etag: 'W/"59eeab87-20247"',
85 verbose headers   age: '254',
85 verbose headers   connection: 'keep-alive',
85 verbose headers   'x-served-by': 'cache-hhn1543-HHN',
85 verbose headers   'x-cache': 'HIT',
85 verbose headers   'x-cache-hits': '6',
85 verbose headers   'x-timer': 'S1509807114.054702,VS0,VE0',
85 verbose headers   vary: 'Accept-Encoding, Accept' }
86 silly get cb [ 304,
86 silly get   { date: 'Sat, 04 Nov 2017 14:51:54 GMT',
86 silly get     via: '1.1 varnish',
86 silly get     'cache-control': 'max-age=300',
86 silly get     etag: 'W/"59eeab87-20247"',
86 silly get     age: '254',
86 silly get     connection: 'keep-alive',
86 silly get     'x-served-by': 'cache-hhn1543-HHN',
86 silly get     'x-cache': 'HIT',
86 silly get     'x-cache-hits': '6',
86 silly get     'x-timer': 'S1509807114.054702,VS0,VE0',
86 silly get     vary: 'Accept-Encoding, Accept' } ]
87 verbose etag https://registry.npmjs.org/nan from cache
88 verbose get saving nan to /home/alvaro/.npm/registry.npmjs.org/nan/.cache.json
89 verbose correctMkdir /home/alvaro/.npm correctMkdir not in flight; initializing
90 silly resolveWithNewModule nan@2.7.0 checking installable status
91 silly cache add args [ 'nan@>=2.5.1', null ]
92 verbose cache add spec nan@>=2.5.1
93 silly cache add parsed spec Result {
93 silly cache add   raw: 'nan@>=2.5.1',
93 silly cache add   scope: null,
93 silly cache add   escapedName: 'nan',
93 silly cache add   name: 'nan',
93 silly cache add   rawSpec: '>=2.5.1',
93 silly cache add   spec: '>=2.5.1',
93 silly cache add   type: 'range' }
94 silly addNamed nan@>=2.5.1
95 verbose addNamed ">=2.5.1" is a valid semver range for nan
96 silly addNameRange { name: 'nan', range: '>=2.5.1', hasData: false }
97 silly mapToRegistry name nan
98 silly mapToRegistry using default registry
99 silly mapToRegistry registry https://registry.npmjs.org/
100 silly mapToRegistry data Result {
100 silly mapToRegistry   raw: 'nan',
100 silly mapToRegistry   scope: null,
100 silly mapToRegistry   escapedName: 'nan',
100 silly mapToRegistry   name: 'nan',
100 silly mapToRegistry   rawSpec: '',
100 silly mapToRegistry   spec: 'latest',
100 silly mapToRegistry   type: 'tag' }
101 silly mapToRegistry uri https://registry.npmjs.org/nan
102 verbose addNameRange registry:https://registry.npmjs.org/nan not in flight; fetching
103 verbose get https://registry.npmjs.org/nan not expired, no request
104 silly addNameRange number 2 { name: 'nan', range: '>=2.5.1', hasData: true }
105 silly addNameRange versions [ 'nan',
105 silly addNameRange   [ '0.3.0-wip',
105 silly addNameRange     '0.3.0-wip2',
105 silly addNameRange     '0.3.0',
105 silly addNameRange     '0.3.1',
105 silly addNameRange     '0.3.2',
105 silly addNameRange     '0.4.0',
105 silly addNameRange     '0.4.1',
105 silly addNameRange     '0.4.2',
105 silly addNameRange     '0.4.3',
105 silly addNameRange     '0.4.4',
105 silly addNameRange     '0.5.0',
105 silly addNameRange     '0.5.1',
105 silly addNameRange     '0.5.2',
105 silly addNameRange     '0.6.0',
105 silly addNameRange     '0.7.0',
105 silly addNameRange     '0.7.1',
105 silly addNameRange     '0.8.0',
105 silly addNameRange     '1.0.0',
105 silly addNameRange     '1.1.0',
105 silly addNameRange     '1.1.1',
105 silly addNameRange     '1.1.2',
105 silly addNameRange     '1.2.0',
105 silly addNameRange     '1.3.0',
105 silly addNameRange     '1.4.0',
105 silly addNameRange     '1.4.1',
105 silly addNameRange     '1.5.0',
105 silly addNameRange     '1.4.2',
105 silly addNameRange     '1.4.3',
105 silly addNameRange     '1.5.1',
105 silly addNameRange     '1.5.2',
105 silly addNameRange     '1.6.0',
105 silly addNameRange     '1.5.3',
105 silly addNameRange     '1.6.1',
105 silly addNameRange     '1.6.2',
105 silly addNameRange     '1.7.0',
105 silly addNameRange     '1.8.0',
105 silly addNameRange     '1.8.1',
105 silly addNameRange     '1.8.2',
105 silly addNameRange     '1.8.3',
105 silly addNameRange     '1.8.4',
105 silly addNameRange     '1.9.0',
105 silly addNameRange     '2.0.0',
105 silly addNameRange     '2.0.1',
105 silly addNameRange     '2.0.2',
105 silly addNameRange     '2.0.3',
105 silly addNameRange     '2.0.4',
105 silly addNameRange     '2.0.5',
105 silly addNameRange     '2.0.6',
105 silly addNameRange     '2.0.7',
105 silly addNameRange     '2.0.8',
105 silly addNameRange     '2.0.9',
105 silly addNameRange     '2.1.0',
105 silly addNameRange     '2.2.0',
105 silly addNameRange     '2.2.1',
105 silly addNameRange     '2.3.0',
105 silly addNameRange     '2.3.1',
105 silly addNameRange     '2.3.2',
105 silly addNameRange     '2.3.3',
105 silly addNameRange     '2.3.4',
105 silly addNameRange     '2.3.5',
105 silly addNameRange     '2.4.0',
105 silly addNameRange     '2.5.0',
105 silly addNameRange     '2.5.1',
105 silly addNameRange     '2.6.0',
105 silly addNameRange     '2.6.1',
105 silly addNameRange     '2.6.2',
105 silly addNameRange     '2.7.0' ] ]
106 silly addNamed nan@2.7.0
107 verbose addNamed "2.7.0" is a plain semver version for nan
108 silly cache afterAdd nan@2.7.0
109 verbose afterAdd /home/alvaro/.npm/nan/2.7.0/package/package.json not in flight; writing
110 verbose correctMkdir /home/alvaro/.npm correctMkdir not in flight; initializing
111 verbose afterAdd /home/alvaro/.npm/nan/2.7.0/package/package.json written
112 silly loadAllDepsIntoIdealTree Finishing
113 silly loadIdealTree Finishing
114 silly currentTree modelo@1.0.0
114 silly currentTree ├── accepts@1.3.4
114 silly currentTree ├── ajv@5.3.0
114 silly currentTree ├── array-flatten@1.1.1
114 silly currentTree ├── asn1@0.2.3
114 silly currentTree ├── assert-plus@1.0.0
114 silly currentTree ├── asynckit@0.4.0
114 silly currentTree ├── aws-sign2@0.7.0
114 silly currentTree ├── aws4@1.6.0
114 silly currentTree ├── bcrypt-pbkdf@1.0.1
114 silly currentTree ├── body-parser@1.18.2
114 silly currentTree ├── boom@4.3.1
114 silly currentTree ├── bytes@3.0.0
114 silly currentTree ├── caseless@0.12.0
114 silly currentTree ├── co@4.6.0
114 silly currentTree ├── combined-stream@1.0.5
114 silly currentTree ├── content-disposition@0.5.2
114 silly currentTree ├── content-type@1.0.4
114 silly currentTree ├── cookie-signature@1.0.6
114 silly currentTree ├── cookie@0.3.1
114 silly currentTree ├── core-util-is@1.0.2
114 silly currentTree ├─┬ cryptiles@3.1.2
114 silly currentTree │ └── boom@5.2.0
114 silly currentTree ├── dashdash@1.14.1
114 silly currentTree ├── debug@2.6.9
114 silly currentTree ├── delayed-stream@1.0.0
114 silly currentTree ├── depd@1.1.1
114 silly currentTree ├── destroy@1.0.4
114 silly currentTree ├── ecc-jsbn@0.1.1
114 silly currentTree ├── ee-first@1.1.1
114 silly currentTree ├── encodeurl@1.0.1
114 silly currentTree ├── escape-html@1.0.3
114 silly currentTree ├── etag@1.8.1
114 silly currentTree ├── express@4.16.2
114 silly currentTree ├── extend@3.0.1
114 silly currentTree ├── extsprintf@1.3.0
114 silly currentTree ├── fast-deep-equal@1.0.0
114 silly currentTree ├── fast-json-stable-stringify@2.0.0
114 silly currentTree ├── finalhandler@1.1.0
114 silly currentTree ├── forever-agent@0.6.1
114 silly currentTree ├── form-data@2.3.1
114 silly currentTree ├── forwarded@0.1.2
114 silly currentTree ├── fresh@0.5.2
114 silly currentTree ├── getpass@0.1.7
114 silly currentTree ├── har-schema@2.0.0
114 silly currentTree ├── har-validator@5.0.3
114 silly currentTree ├── hawk@6.0.2
114 silly currentTree ├── hoek@4.2.0
114 silly currentTree ├─┬ http-errors@1.6.2
114 silly currentTree │ └── setprototypeof@1.0.3
114 silly currentTree ├── http-signature@1.2.0
114 silly currentTree ├── iconv-lite@0.4.19
114 silly currentTree ├── inherits@2.0.3
114 silly currentTree ├── ipaddr.js@1.5.2
114 silly currentTree ├── is-typedarray@1.0.0
114 silly currentTree ├── isstream@0.1.2
114 silly currentTree ├── jsbn@0.1.1
114 silly currentTree ├── json-schema-traverse@0.3.1
114 silly currentTree ├── json-schema@0.2.3
114 silly currentTree ├── json-stringify-safe@5.0.1
114 silly currentTree ├── jsprim@1.4.1
114 silly currentTree ├── media-typer@0.3.0
114 silly currentTree ├── merge-descriptors@1.0.1
114 silly currentTree ├── methods@1.1.2
114 silly currentTree ├── mime-db@1.30.0
114 silly currentTree ├── mime-types@2.1.17
114 silly currentTree ├── mime@1.4.1
114 silly currentTree ├── ms@2.0.0
114 silly currentTree ├── negotiator@0.6.1
114 silly currentTree ├── oauth-sign@0.8.2
114 silly currentTree ├── on-finished@2.3.0
114 silly currentTree ├── parseurl@1.3.2
114 silly currentTree ├── path-to-regexp@0.1.7
114 silly currentTree ├── performance-now@2.1.0
114 silly currentTree ├── proxy-addr@2.0.2
114 silly currentTree ├── punycode@1.4.1
114 silly currentTree ├── qs@6.5.1
114 silly currentTree ├── range-parser@1.2.0
114 silly currentTree ├── raw-body@2.3.2
114 silly currentTree ├── request@2.83.0
114 silly currentTree ├── safe-buffer@5.1.1
114 silly currentTree ├── send@0.16.1
114 silly currentTree ├── serve-static@1.13.1
114 silly currentTree ├── setprototypeof@1.1.0
114 silly currentTree ├── sntp@2.1.0
114 silly currentTree ├── sshpk@1.13.1
114 silly currentTree ├── statuses@1.3.1
114 silly currentTree ├── stringstream@0.0.5
114 silly currentTree ├── tough-cookie@2.3.3
114 silly currentTree ├── tunnel-agent@0.6.0
114 silly currentTree ├── tweetnacl@0.14.5
114 silly currentTree ├── type-is@1.6.15
114 silly currentTree ├── unpipe@1.0.0
114 silly currentTree ├── utils-merge@1.0.1
114 silly currentTree ├── uuid@3.1.0
114 silly currentTree ├── vary@1.1.2
114 silly currentTree └── verror@1.10.0
115 silly idealTree modelo@1.0.0
115 silly idealTree ├── accepts@1.3.4
115 silly idealTree ├── ajv@5.3.0
115 silly idealTree ├── array-flatten@1.1.1
115 silly idealTree ├── asn1@0.2.3
115 silly idealTree ├── assert-plus@1.0.0
115 silly idealTree ├── asynckit@0.4.0
115 silly idealTree ├── aws-sign2@0.7.0
115 silly idealTree ├── aws4@1.6.0
115 silly idealTree ├── bcrypt-pbkdf@1.0.1
115 silly idealTree ├── body-parser@1.18.2
115 silly idealTree ├── boom@4.3.1
115 silly idealTree ├── bytes@3.0.0
115 silly idealTree ├── caseless@0.12.0
115 silly idealTree ├── co@4.6.0
115 silly idealTree ├── combined-stream@1.0.5
115 silly idealTree ├── content-disposition@0.5.2
115 silly idealTree ├── content-type@1.0.4
115 silly idealTree ├── cookie-signature@1.0.6
115 silly idealTree ├── cookie@0.3.1
115 silly idealTree ├── core-util-is@1.0.2
115 silly idealTree ├─┬ cryptiles@3.1.2
115 silly idealTree │ └── boom@5.2.0
115 silly idealTree ├── dashdash@1.14.1
115 silly idealTree ├── debug@2.6.9
115 silly idealTree ├── delayed-stream@1.0.0
115 silly idealTree ├── depd@1.1.1
115 silly idealTree ├── destroy@1.0.4
115 silly idealTree ├── ecc-jsbn@0.1.1
115 silly idealTree ├── ee-first@1.1.1
115 silly idealTree ├── encodeurl@1.0.1
115 silly idealTree ├── escape-html@1.0.3
115 silly idealTree ├── etag@1.8.1
115 silly idealTree ├── express@4.16.2
115 silly idealTree ├── extend@3.0.1
115 silly idealTree ├── extsprintf@1.3.0
115 silly idealTree ├── fast-deep-equal@1.0.0
115 silly idealTree ├── fast-json-stable-stringify@2.0.0
115 silly idealTree ├── finalhandler@1.1.0
115 silly idealTree ├── forever-agent@0.6.1
115 silly idealTree ├── form-data@2.3.1
115 silly idealTree ├── forwarded@0.1.2
115 silly idealTree ├── fresh@0.5.2
115 silly idealTree ├── getpass@0.1.7
115 silly idealTree ├── har-schema@2.0.0
115 silly idealTree ├── har-validator@5.0.3
115 silly idealTree ├── hawk@6.0.2
115 silly idealTree ├── hoek@4.2.0
115 silly idealTree ├─┬ http-errors@1.6.2
115 silly idealTree │ └── setprototypeof@1.0.3
115 silly idealTree ├── http-signature@1.2.0
115 silly idealTree ├── iconv-lite@0.4.19
115 silly idealTree ├── inherits@2.0.3
115 silly idealTree ├── ipaddr.js@1.5.2
115 silly idealTree ├── is-typedarray@1.0.0
115 silly idealTree ├── isstream@0.1.2
115 silly idealTree ├── jsbn@0.1.1
115 silly idealTree ├── json-schema-traverse@0.3.1
115 silly idealTree ├── json-schema@0.2.3
115 silly idealTree ├── json-stringify-safe@5.0.1
115 silly idealTree ├── jsprim@1.4.1
115 silly idealTree ├── media-typer@0.3.0
115 silly idealTree ├── merge-descriptors@1.0.1
115 silly idealTree ├── methods@1.1.2
115 silly idealTree ├── mime-db@1.30.0
115 silly idealTree ├── mime-types@2.1.17
115 silly idealTree ├── mime@1.4.1
115 silly idealTree ├── ms@2.0.0
115 silly idealTree ├── nan@2.7.0
115 silly idealTree ├── negotiator@0.6.1
115 silly idealTree ├── oauth-sign@0.8.2
115 silly idealTree ├── on-finished@2.3.0
115 silly idealTree ├── parseurl@1.3.2
115 silly idealTree ├── path-to-regexp@0.1.7
115 silly idealTree ├── performance-now@2.1.0
115 silly idealTree ├── proxy-addr@2.0.2
115 silly idealTree ├── punycode@1.4.1
115 silly idealTree ├── qs@6.5.1
115 silly idealTree ├── range-parser@1.2.0
115 silly idealTree ├── raw-body@2.3.2
115 silly idealTree ├── request@2.83.0
115 silly idealTree ├── safe-buffer@5.1.1
115 silly idealTree ├── send@0.16.1
115 silly idealTree ├── serve-static@1.13.1
115 silly idealTree ├── setprototypeof@1.1.0
115 silly idealTree ├── sleep@5.1.1
115 silly idealTree ├── sntp@2.1.0
115 silly idealTree ├── sshpk@1.13.1
115 silly idealTree ├── statuses@1.3.1
115 silly idealTree ├── stringstream@0.0.5
115 silly idealTree ├── tough-cookie@2.3.3
115 silly idealTree ├── tunnel-agent@0.6.0
115 silly idealTree ├── tweetnacl@0.14.5
115 silly idealTree ├── type-is@1.6.15
115 silly idealTree ├── unpipe@1.0.0
115 silly idealTree ├── utils-merge@1.0.1
115 silly idealTree ├── uuid@3.1.0
115 silly idealTree ├── vary@1.1.2
115 silly idealTree └── verror@1.10.0
116 silly generateActionsToTake Starting
117 silly install generateActionsToTake
118 silly generateActionsToTake Finishing
119 silly diffTrees action count 2
120 silly diffTrees add nan@2.7.0
121 silly diffTrees add sleep@5.1.1
122 silly decomposeActions action count 16
123 silly decomposeActions fetch nan@2.7.0
124 silly decomposeActions extract nan@2.7.0
125 silly decomposeActions test nan@2.7.0
126 silly decomposeActions preinstall nan@2.7.0
127 silly decomposeActions build nan@2.7.0
128 silly decomposeActions install nan@2.7.0
129 silly decomposeActions postinstall nan@2.7.0
130 silly decomposeActions finalize nan@2.7.0
131 silly decomposeActions fetch sleep@5.1.1
132 silly decomposeActions extract sleep@5.1.1
133 silly decomposeActions test sleep@5.1.1
134 silly decomposeActions preinstall sleep@5.1.1
135 silly decomposeActions build sleep@5.1.1
136 silly decomposeActions install sleep@5.1.1
137 silly decomposeActions postinstall sleep@5.1.1
138 silly decomposeActions finalize sleep@5.1.1
139 silly runTopLevelLifecycles Starting
140 silly executeActions Starting
141 silly install executeActions
142 silly doSerial global-install 0
143 silly doParallel fetch 2
144 verbose correctMkdir /home/alvaro/.npm/_locks correctMkdir not in flight; initializing
145 verbose lock using /home/alvaro/.npm/_locks/staging-c0f76e5335f3b71c.lock for /mnt/c/Proyectos/Hackathon/Modelo/modelo-node/node_modules/.staging
146 silly doParallel extract 2
147 silly extract nan@2.7.0
148 silly extract sleep@5.1.1
149 verbose unbuild node_modules/.staging/nan-570f75df
150 verbose unbuild node_modules/.staging/sleep-645bf18d
151 silly gentlyRm /mnt/c/Proyectos/Hackathon/Modelo/modelo-node/node_modules/.staging/nan-570f75df is being purged from base /mnt/c/Proyectos/Hackathon/Modelo/modelo-node
152 verbose gentlyRm don't care about contents; nuking /mnt/c/Proyectos/Hackathon/Modelo/modelo-node/node_modules/.staging/nan-570f75df
153 silly gentlyRm /mnt/c/Proyectos/Hackathon/Modelo/modelo-node/node_modules/.staging/sleep-645bf18d is being purged from base /mnt/c/Proyectos/Hackathon/Modelo/modelo-node
154 verbose gentlyRm don't care about contents; nuking /mnt/c/Proyectos/Hackathon/Modelo/modelo-node/node_modules/.staging/sleep-645bf18d
155 verbose tar unpack /home/alvaro/.npm/nan/2.7.0/package.tgz
156 verbose tar unpacking to /mnt/c/Proyectos/Hackathon/Modelo/modelo-node/node_modules/.staging/nan-570f75df
157 silly gentlyRm /mnt/c/Proyectos/Hackathon/Modelo/modelo-node/node_modules/.staging/nan-570f75df is being purged
158 verbose gentlyRm don't care about contents; nuking /mnt/c/Proyectos/Hackathon/Modelo/modelo-node/node_modules/.staging/nan-570f75df
159 verbose tar unpack /home/alvaro/.npm/sleep/5.1.1/package.tgz
160 verbose tar unpacking to /mnt/c/Proyectos/Hackathon/Modelo/modelo-node/node_modules/.staging/sleep-645bf18d
161 silly gentlyRm /mnt/c/Proyectos/Hackathon/Modelo/modelo-node/node_modules/.staging/sleep-645bf18d is being purged
162 verbose gentlyRm don't care about contents; nuking /mnt/c/Proyectos/Hackathon/Modelo/modelo-node/node_modules/.staging/sleep-645bf18d
163 silly gunzTarPerm modes [ '777', '666' ]
164 silly gunzTarPerm modes [ '777', '666' ]
165 silly gunzTarPerm extractEntry package.json
166 silly gunzTarPerm modified mode [ 'package.json', 436, 438 ]
167 silly gunzTarPerm extractEntry package.json
168 silly gunzTarPerm modified mode [ 'package.json', 436, 438 ]
169 silly gunzTarPerm extractEntry README.md
170 silly gunzTarPerm modified mode [ 'README.md', 436, 438 ]
171 silly gunzTarPerm extractEntry .npmignore
172 silly gunzTarPerm modified mode [ '.npmignore', 436, 438 ]
173 silly gunzTarPerm extractEntry README.md
174 silly gunzTarPerm modified mode [ 'README.md', 436, 438 ]
175 silly gunzTarPerm extractEntry include_dirs.js
176 silly gunzTarPerm modified mode [ 'include_dirs.js', 436, 438 ]
177 silly gunzTarPerm extractEntry test.js
178 silly gunzTarPerm modified mode [ 'test.js', 436, 438 ]
179 silly gunzTarPerm extractEntry index.js
180 silly gunzTarPerm modified mode [ 'index.js', 436, 438 ]
181 silly gunzTarPerm extractEntry LICENSE.txt
182 silly gunzTarPerm modified mode [ 'LICENSE.txt', 436, 438 ]
183 silly gunzTarPerm extractEntry sleep.cc
184 silly gunzTarPerm modified mode [ 'sleep.cc', 436, 438 ]
185 silly gunzTarPerm extractEntry binding.gyp
186 silly gunzTarPerm modified mode [ 'binding.gyp', 436, 438 ]
187 silly gunzTarPerm extractEntry nan_converters_43_inl.h
188 silly gunzTarPerm modified mode [ 'nan_converters_43_inl.h', 436, 438 ]
189 silly gunzTarPerm extractEntry LICENSE.md
190 silly gunzTarPerm modified mode [ 'LICENSE.md', 436, 438 ]
191 silly gunzTarPerm extractEntry doc/new.md
192 silly gunzTarPerm modified mode [ 'doc/new.md', 436, 438 ]
193 silly gunzTarPerm extractEntry doc/asyncworker.md
194 silly gunzTarPerm modified mode [ 'doc/asyncworker.md', 436, 438 ]
195 silly gunzTarPerm extractEntry doc/callback.md
196 silly gunzTarPerm modified mode [ 'doc/callback.md', 436, 438 ]
197 silly gunzTarPerm extractEntry doc/converters.md
198 silly gunzTarPerm modified mode [ 'doc/converters.md', 436, 438 ]
199 silly gunzTarPerm extractEntry doc/errors.md
200 silly gunzTarPerm modified mode [ 'doc/errors.md', 436, 438 ]
201 silly gunzTarPerm extractEntry doc/json.md
202 silly gunzTarPerm modified mode [ 'doc/json.md', 436, 438 ]
203 silly gunzTarPerm extractEntry doc/maybe_types.md
204 silly gunzTarPerm modified mode [ 'doc/maybe_types.md', 436, 438 ]
205 silly gunzTarPerm extractEntry doc/methods.md
206 silly gunzTarPerm modified mode [ 'doc/methods.md', 436, 438 ]
207 silly gunzTarPerm extractEntry doc/buffers.md
208 silly gunzTarPerm modified mode [ 'doc/buffers.md', 436, 438 ]
209 silly gunzTarPerm extractEntry doc/node_misc.md
210 silly gunzTarPerm modified mode [ 'doc/node_misc.md', 436, 438 ]
211 silly gentlyRm /mnt/c/Proyectos/Hackathon/Modelo/modelo-node/node_modules/.staging/sleep-645bf18d/node_modules is being purged
212 verbose gentlyRm don't care about contents; nuking /mnt/c/Proyectos/Hackathon/Modelo/modelo-node/node_modules/.staging/sleep-645bf18d/node_modules
213 silly gunzTarPerm extractEntry doc/object_wrappers.md
214 silly gunzTarPerm modified mode [ 'doc/object_wrappers.md', 436, 438 ]
215 silly gunzTarPerm extractEntry doc/persistent.md
216 silly gunzTarPerm modified mode [ 'doc/persistent.md', 436, 438 ]
217 silly gunzTarPerm extractEntry doc/scopes.md
218 silly gunzTarPerm modified mode [ 'doc/scopes.md', 436, 438 ]
219 silly gunzTarPerm extractEntry doc/script.md
220 silly gunzTarPerm modified mode [ 'doc/script.md', 436, 438 ]
221 silly gunzTarPerm extractEntry doc/string_bytes.md
222 silly gunzTarPerm modified mode [ 'doc/string_bytes.md', 436, 438 ]
223 silly gunzTarPerm extractEntry doc/v8_internals.md
224 silly gunzTarPerm modified mode [ 'doc/v8_internals.md', 436, 438 ]
225 silly gunzTarPerm extractEntry doc/v8_misc.md
226 silly gunzTarPerm modified mode [ 'doc/v8_misc.md', 436, 438 ]
227 silly gunzTarPerm extractEntry nan.h
228 silly gunzTarPerm modified mode [ 'nan.h', 436, 438 ]
229 silly gunzTarPerm extractEntry nan_callbacks.h
230 silly gunzTarPerm modified mode [ 'nan_callbacks.h', 436, 438 ]
231 silly gunzTarPerm extractEntry nan_callbacks_12_inl.h
232 silly gunzTarPerm modified mode [ 'nan_callbacks_12_inl.h', 436, 438 ]
233 silly gunzTarPerm extractEntry nan_callbacks_pre_12_inl.h
234 silly gunzTarPerm modified mode [ 'nan_callbacks_pre_12_inl.h', 436, 438 ]
235 silly gunzTarPerm extractEntry nan_converters.h
236 silly gunzTarPerm modified mode [ 'nan_converters.h', 436, 438 ]
237 silly gunzTarPerm extractEntry nan_converters_pre_43_inl.h
238 silly gunzTarPerm modified mode [ 'nan_converters_pre_43_inl.h', 436, 438 ]
239 silly gunzTarPerm extractEntry nan_implementation_12_inl.h
240 silly gunzTarPerm modified mode [ 'nan_implementation_12_inl.h', 436, 438 ]
241 silly gunzTarPerm extractEntry nan_implementation_pre_12_inl.h
242 silly gunzTarPerm modified mode [ 'nan_implementation_pre_12_inl.h', 436, 438 ]
243 silly gunzTarPerm extractEntry nan_json.h
244 silly gunzTarPerm modified mode [ 'nan_json.h', 436, 438 ]
245 silly gunzTarPerm extractEntry nan_maybe_43_inl.h
246 silly gunzTarPerm modified mode [ 'nan_maybe_43_inl.h', 436, 438 ]
247 silly gunzTarPerm extractEntry nan_maybe_pre_43_inl.h
248 silly gunzTarPerm modified mode [ 'nan_maybe_pre_43_inl.h', 436, 438 ]
249 silly gunzTarPerm extractEntry nan_new.h
250 silly gunzTarPerm modified mode [ 'nan_new.h', 436, 438 ]
251 silly gunzTarPerm extractEntry nan_object_wrap.h
252 silly gunzTarPerm modified mode [ 'nan_object_wrap.h', 436, 438 ]
253 silly gunzTarPerm extractEntry nan_persistent_12_inl.h
254 silly gunzTarPerm modified mode [ 'nan_persistent_12_inl.h', 436, 438 ]
255 silly gunzTarPerm extractEntry nan_persistent_pre_12_inl.h
256 silly gunzTarPerm modified mode [ 'nan_persistent_pre_12_inl.h', 436, 438 ]
257 silly gunzTarPerm extractEntry nan_private.h
258 silly gunzTarPerm modified mode [ 'nan_private.h', 436, 438 ]
259 silly gunzTarPerm extractEntry nan_string_bytes.h
260 silly gunzTarPerm modified mode [ 'nan_string_bytes.h', 436, 438 ]
261 silly gunzTarPerm extractEntry nan_typedarray_contents.h
262 silly gunzTarPerm modified mode [ 'nan_typedarray_contents.h', 436, 438 ]
263 silly gunzTarPerm extractEntry nan_weak.h
264 silly gunzTarPerm modified mode [ 'nan_weak.h', 436, 438 ]
265 silly gunzTarPerm extractEntry CHANGELOG.md
266 silly gunzTarPerm modified mode [ 'CHANGELOG.md', 436, 438 ]
267 silly gunzTarPerm extractEntry tools/package.json
268 silly gunzTarPerm modified mode [ 'tools/package.json', 436, 438 ]
269 silly gunzTarPerm extractEntry tools/README.md
270 silly gunzTarPerm modified mode [ 'tools/README.md', 436, 438 ]
271 silly gunzTarPerm extractEntry tools/1to2.js
272 silly gunzTarPerm modified mode [ 'tools/1to2.js', 509, 511 ]
273 silly gentlyRm /mnt/c/Proyectos/Hackathon/Modelo/modelo-node/node_modules/.staging/nan-570f75df/node_modules is being purged
274 verbose gentlyRm don't care about contents; nuking /mnt/c/Proyectos/Hackathon/Modelo/modelo-node/node_modules/.staging/nan-570f75df/node_modules
275 silly doParallel preinstall 2
276 silly preinstall nan@2.7.0 /mnt/c/Proyectos/Hackathon/Modelo/modelo-node/node_modules/.staging/nan-570f75df
277 info lifecycle nan@2.7.0~preinstall: nan@2.7.0
278 silly preinstall sleep@5.1.1 /mnt/c/Proyectos/Hackathon/Modelo/modelo-node/node_modules/.staging/sleep-645bf18d
279 info lifecycle sleep@5.1.1~preinstall: sleep@5.1.1
280 silly lifecycle nan@2.7.0~preinstall: no script for preinstall, continuing
281 silly lifecycle sleep@5.1.1~preinstall: no script for preinstall, continuing
282 silly doReverseSerial remove 0
283 silly doSerial move 0
284 silly doSerial finalize 2
285 silly finalize /mnt/c/Proyectos/Hackathon/Modelo/modelo-node/node_modules/nan
286 silly finalize /mnt/c/Proyectos/Hackathon/Modelo/modelo-node/node_modules/sleep
287 silly doSerial build 2
288 silly build nan@2.7.0
289 info linkStuff nan@2.7.0
290 silly linkStuff nan@2.7.0 has /mnt/c/Proyectos/Hackathon/Modelo/modelo-node/node_modules as its parent node_modules
291 verbose linkBins nan@2.7.0
292 verbose linkMans nan@2.7.0
293 silly build sleep@5.1.1
294 info linkStuff sleep@5.1.1
295 silly linkStuff sleep@5.1.1 has /mnt/c/Proyectos/Hackathon/Modelo/modelo-node/node_modules as its parent node_modules
296 verbose linkBins sleep@5.1.1
297 verbose linkMans sleep@5.1.1
298 silly doSerial global-link 0
299 silly doParallel update-linked 0
300 silly doSerial install 2
301 silly install nan@2.7.0 /mnt/c/Proyectos/Hackathon/Modelo/modelo-node/node_modules/.staging/nan-570f75df
302 info lifecycle nan@2.7.0~install: nan@2.7.0
303 silly lifecycle nan@2.7.0~install: no script for install, continuing
304 silly install sleep@5.1.1 /mnt/c/Proyectos/Hackathon/Modelo/modelo-node/node_modules/.staging/sleep-645bf18d
305 info lifecycle sleep@5.1.1~install: sleep@5.1.1
306 verbose lifecycle sleep@5.1.1~install: unsafe-perm in lifecycle true
307 verbose lifecycle sleep@5.1.1~install: PATH: /usr/local/lib/node_modules/npm/bin/node-gyp-bin:/mnt/c/Proyectos/Hackathon/Modelo/modelo-node/node_modules/sleep/node_modules/.bin:/mnt/c/Proyectos/Hackathon/Modelo/modelo-node/node_modules/.bin:/usr/local/sbin:/usr/local/bin:/usr/sbin:/usr/bin:/sbin:/bin:/usr/games:/usr/local/games:/mnt/c/Program Files/Rockwell Software/RSCommon:/mnt/c/ProgramData/Oracle/Java/javapath_target_445484:/mnt/c/Python27:/mnt/c/Python27/Scripts:/mnt/c/Program Files (x86)/Intel/iCLS Client:/mnt/c/Program Files/Intel/iCLS Client:/mnt/c/Windows/System32:/mnt/c/Windows:/mnt/c/Windows/System32/wbem:/mnt/c/Windows/System32/WindowsPowerShell/v1.0:/mnt/c/Program Files (x86)/NVIDIA Corporation/PhysX/Common:/mnt/c/Program Files (x86)/Intel/Intel(R) Management Engine Components/DAL:/mnt/c/Program Files/Intel/Intel(R) Management Engine Components/DAL:/mnt/c/Program Files (x86)/Intel/Intel(R) Management Engine Components/IPT:/mnt/c/Program Files/Intel/Intel(R) Management Engine Components/IPT:/mnt/c/Program Files (x86)/Skype/Phone:/mnt/c/Program Files/MATLAB/R2016b/runtime/win64:/mnt/c/Program Files/MATLAB/R2016b/bin:/mnt/c/Program Files (x86)/PuTTY:/mnt/c/Program Files/MiKTeX 2.9/miktex/bin/x64:/mnt/c/Program Files/TortoiseSVN/bin:/mnt/c/Program Files/MySQL/MySQL Utilities 1.6:/mnt/c/Program Files/PuTTY:/mnt/c/Program Files/nodejs:/mnt/c/Windows/System32:/mnt/c/Windows:/mnt/c/Windows/System32/wbem:/mnt/c/Windows/System32/WindowsPowerShell/v1.0:/mnt/c/Program Files/Git/cmd:/mnt/c/Users/Alvaro/AppData/Local/Programs/Python/Python36-32/Scripts:/mnt/c/Users/Alvaro/AppData/Local/Programs/Python/Python36-32:/mnt/c/Users/Alvaro/AppData/Local/Microsoft/WindowsApps:/mnt/c/Program Files/Microsoft VS Code/bin:/mnt/c/Users/Alvaro/AppData/Roaming/npm:/mnt/c/Users/Alvaro/AppData/Local/GitHubDesktop/bin:/mnt/c/Program Files/MongoDB/Server/3.4/bin
308 verbose lifecycle sleep@5.1.1~install: CWD: /mnt/c/Proyectos/Hackathon/Modelo/modelo-node/node_modules/sleep
309 silly lifecycle sleep@5.1.1~install: Args: [ '-c', 'node-gyp rebuild' ]
310 silly lifecycle sleep@5.1.1~install: Returned: code: 1  signal: null
311 info lifecycle sleep@5.1.1~install: Failed to exec install script
312 verbose unlock done using /home/alvaro/.npm/_locks/staging-c0f76e5335f3b71c.lock for /mnt/c/Proyectos/Hackathon/Modelo/modelo-node/node_modules/.staging
313 silly rollbackFailedOptional Starting
314 silly rollbackFailedOptional Finishing
315 silly runTopLevelLifecycles Finishing
316 silly install printInstalled
317 verbose stack Error: sleep@5.1.1 install: `node-gyp rebuild`
317 verbose stack Exit status 1
317 verbose stack     at EventEmitter.<anonymous> (/usr/local/lib/node_modules/npm/lib/utils/lifecycle.js:255:16)
317 verbose stack     at emitTwo (events.js:106:13)
317 verbose stack     at EventEmitter.emit (events.js:191:7)
317 verbose stack     at ChildProcess.<anonymous> (/usr/local/lib/node_modules/npm/lib/utils/spawn.js:40:14)
317 verbose stack     at emitTwo (events.js:106:13)
317 verbose stack     at ChildProcess.emit (events.js:191:7)
317 verbose stack     at maybeClose (internal/child_process.js:886:16)
317 verbose stack     at Process.ChildProcess._handle.onexit (internal/child_process.js:226:5)
318 verbose pkgid sleep@5.1.1
319 verbose cwd /mnt/c/Proyectos/Hackathon/Modelo/modelo-node
320 error Linux 4.4.0-43-Microsoft
321 error argv "/usr/local/bin/node" "/usr/local/bin/npm" "install" "--save" "sleep"
322 error node v6.10.1
323 error npm  v3.10.10
324 error code ELIFECYCLE
325 error sleep@5.1.1 install: `node-gyp rebuild`
325 error Exit status 1
326 error Failed at the sleep@5.1.1 install script 'node-gyp rebuild'.
326 error Make sure you have the latest version of node.js and npm installed.
326 error If you do, this is most likely a problem with the sleep package,
326 error not with npm itself.
326 error Tell the author that this fails on your system:
326 error     node-gyp rebuild
326 error You can get information on how to open an issue for this project with:
326 error     npm bugs sleep
326 error Or if that isn't available, you can get their info via:
326 error     npm owner ls sleep
326 error There is likely additional logging output above.
327 verbose exit [ 1, true ]
